C:\xampp\htdocs\MiTechoVBeta\.htaccess
C:\xampp\htdocs\MiTechoVBeta\composer.json
C:\xampp\htdocs\MiTechoVBeta\controllers\ActividadLogController.php
C:\xampp\htdocs\MiTechoVBeta\controllers\ApiController.php
C:\xampp\htdocs\MiTechoVBeta\controllers\AportesLegalesController.php
C:\xampp\htdocs\MiTechoVBeta\controllers\ComprasController.php
C:\xampp\htdocs\MiTechoVBeta\controllers\ControllerBase.php
C:\xampp\htdocs\MiTechoVBeta\controllers\CooperativasController.php
C:\xampp\htdocs\MiTechoVBeta\controllers\HorasTrabajadasController.php
C:\xampp\htdocs\MiTechoVBeta\controllers\IngresosController.php
C:\xampp\htdocs\MiTechoVBeta\controllers\MovimientosStockController.php
C:\xampp\htdocs\MiTechoVBeta\controllers\OthersController.php
C:\xampp\htdocs\MiTechoVBeta\controllers\PagosSociosController.php
C:\xampp\htdocs\MiTechoVBeta\controllers\ProveedoresController.php
C:\xampp\htdocs\MiTechoVBeta\controllers\SociosController.php
C:\xampp\htdocs\MiTechoVBeta\controllers\StockController.php
C:\xampp\htdocs\MiTechoVBeta\controllers\UsuariosController.php
C:\xampp\htdocs\MiTechoVBeta\css\ewpdf.scss
C:\xampp\htdocs\MiTechoVBeta\css\project1.scss
C:\xampp\htdocs\MiTechoVBeta\css\query-builder.scss
C:\xampp\htdocs\MiTechoVBeta\css\tabulator_bootstrap5.scss
C:\xampp\htdocs\MiTechoVBeta\css\tempus-dominus.scss
C:\xampp\htdocs\MiTechoVBeta\files\index.html
C:\xampp\htdocs\MiTechoVBeta\index.php
C:\xampp\htdocs\MiTechoVBeta\js\userevent.js
C:\xampp\htdocs\MiTechoVBeta\js\userfn.js
C:\xampp\htdocs\MiTechoVBeta\log\index.html
C:\xampp\htdocs\MiTechoVBeta\models\ActividadLog.php
C:\xampp\htdocs\MiTechoVBeta\models\ActividadLogAdd.php
C:\xampp\htdocs\MiTechoVBeta\models\ActividadLogDelete.php
C:\xampp\htdocs\MiTechoVBeta\models\ActividadLogEdit.php
C:\xampp\htdocs\MiTechoVBeta\models\ActividadLogList.php
C:\xampp\htdocs\MiTechoVBeta\models\ActividadLogView.php
C:\xampp\htdocs\MiTechoVBeta\models\AportesLegales.php
C:\xampp\htdocs\MiTechoVBeta\models\AportesLegalesAdd.php
C:\xampp\htdocs\MiTechoVBeta\models\AportesLegalesDelete.php
C:\xampp\htdocs\MiTechoVBeta\models\AportesLegalesEdit.php
C:\xampp\htdocs\MiTechoVBeta\models\AportesLegalesList.php
C:\xampp\htdocs\MiTechoVBeta\models\AportesLegalesView.php
C:\xampp\htdocs\MiTechoVBeta\models\ChangePassword.php
C:\xampp\htdocs\MiTechoVBeta\models\Compras.php
C:\xampp\htdocs\MiTechoVBeta\models\ComprasAdd.php
C:\xampp\htdocs\MiTechoVBeta\models\ComprasDelete.php
C:\xampp\htdocs\MiTechoVBeta\models\ComprasEdit.php
C:\xampp\htdocs\MiTechoVBeta\models\ComprasList.php
C:\xampp\htdocs\MiTechoVBeta\models\ComprasView.php
C:\xampp\htdocs\MiTechoVBeta\models\Cooperativas.php
C:\xampp\htdocs\MiTechoVBeta\models\CooperativasAdd.php
C:\xampp\htdocs\MiTechoVBeta\models\CooperativasDelete.php
C:\xampp\htdocs\MiTechoVBeta\models\CooperativasEdit.php
C:\xampp\htdocs\MiTechoVBeta\models\CooperativasList.php
C:\xampp\htdocs\MiTechoVBeta\models\CooperativasView.php
C:\xampp\htdocs\MiTechoVBeta\models\HorasTrabajadas.php
C:\xampp\htdocs\MiTechoVBeta\models\HorasTrabajadasAdd.php
C:\xampp\htdocs\MiTechoVBeta\models\HorasTrabajadasDelete.php
C:\xampp\htdocs\MiTechoVBeta\models\HorasTrabajadasEdit.php
C:\xampp\htdocs\MiTechoVBeta\models\HorasTrabajadasList.php
C:\xampp\htdocs\MiTechoVBeta\models\HorasTrabajadasView.php
C:\xampp\htdocs\MiTechoVBeta\models\Ingresos.php
C:\xampp\htdocs\MiTechoVBeta\models\IngresosAdd.php
C:\xampp\htdocs\MiTechoVBeta\models\IngresosDelete.php
C:\xampp\htdocs\MiTechoVBeta\models\IngresosEdit.php
C:\xampp\htdocs\MiTechoVBeta\models\IngresosList.php
C:\xampp\htdocs\MiTechoVBeta\models\IngresosView.php
C:\xampp\htdocs\MiTechoVBeta\models\Login.php
C:\xampp\htdocs\MiTechoVBeta\models\MovimientosStock.php
C:\xampp\htdocs\MiTechoVBeta\models\MovimientosStockAdd.php
C:\xampp\htdocs\MiTechoVBeta\models\MovimientosStockDelete.php
C:\xampp\htdocs\MiTechoVBeta\models\MovimientosStockEdit.php
C:\xampp\htdocs\MiTechoVBeta\models\MovimientosStockList.php
C:\xampp\htdocs\MiTechoVBeta\models\MovimientosStockView.php
C:\xampp\htdocs\MiTechoVBeta\models\PagosSocios.php
C:\xampp\htdocs\MiTechoVBeta\models\PagosSociosAdd.php
C:\xampp\htdocs\MiTechoVBeta\models\PagosSociosDelete.php
C:\xampp\htdocs\MiTechoVBeta\models\PagosSociosEdit.php
C:\xampp\htdocs\MiTechoVBeta\models\PagosSociosList.php
C:\xampp\htdocs\MiTechoVBeta\models\PagosSociosView.php
C:\xampp\htdocs\MiTechoVBeta\models\PersonalData.php
C:\xampp\htdocs\MiTechoVBeta\models\Proveedores.php
C:\xampp\htdocs\MiTechoVBeta\models\ProveedoresAdd.php
C:\xampp\htdocs\MiTechoVBeta\models\ProveedoresDelete.php
C:\xampp\htdocs\MiTechoVBeta\models\ProveedoresEdit.php
C:\xampp\htdocs\MiTechoVBeta\models\ProveedoresList.php
C:\xampp\htdocs\MiTechoVBeta\models\ProveedoresView.php
C:\xampp\htdocs\MiTechoVBeta\models\Register.php
C:\xampp\htdocs\MiTechoVBeta\models\ResetPassword.php
C:\xampp\htdocs\MiTechoVBeta\models\Socios.php
C:\xampp\htdocs\MiTechoVBeta\models\SociosAdd.php
C:\xampp\htdocs\MiTechoVBeta\models\SociosDelete.php
C:\xampp\htdocs\MiTechoVBeta\models\SociosEdit.php
C:\xampp\htdocs\MiTechoVBeta\models\SociosList.php
C:\xampp\htdocs\MiTechoVBeta\models\SociosView.php
C:\xampp\htdocs\MiTechoVBeta\models\Stock.php
C:\xampp\htdocs\MiTechoVBeta\models\StockAdd.php
C:\xampp\htdocs\MiTechoVBeta\models\StockDelete.php
C:\xampp\htdocs\MiTechoVBeta\models\StockEdit.php
C:\xampp\htdocs\MiTechoVBeta\models\StockList.php
C:\xampp\htdocs\MiTechoVBeta\models\StockView.php
C:\xampp\htdocs\MiTechoVBeta\models\Usuarios.php
C:\xampp\htdocs\MiTechoVBeta\models\UsuariosAdd.php
C:\xampp\htdocs\MiTechoVBeta\models\UsuariosDelete.php
C:\xampp\htdocs\MiTechoVBeta\models\UsuariosEdit.php
C:\xampp\htdocs\MiTechoVBeta\models\UsuariosList.php
C:\xampp\htdocs\MiTechoVBeta\models\UsuariosView.php
C:\xampp\htdocs\MiTechoVBeta\package.json
C:\xampp\htdocs\MiTechoVBeta\src\AbstractCheckCredentialsListener.php
C:\xampp\htdocs\MiTechoVBeta\src\AbstractController.php
C:\xampp\htdocs\MiTechoVBeta\src\AbstractEntity.php
C:\xampp\htdocs\MiTechoVBeta\src\AbstractExport.php
C:\xampp\htdocs\MiTechoVBeta\src\AbstractExportBase.php
C:\xampp\htdocs\MiTechoVBeta\src\AbstractTwoFactorAuthentication.php
C:\xampp\htdocs\MiTechoVBeta\src\AccessTokenExtractor.php
C:\xampp\htdocs\MiTechoVBeta\src\AccessTokenHandler.php
C:\xampp\htdocs\MiTechoVBeta\src\AccessTokenUser.php
C:\xampp\htdocs\MiTechoVBeta\src\AccessTokenUserProvider.php
C:\xampp\htdocs\MiTechoVBeta\src\ActionType.php
C:\xampp\htdocs\MiTechoVBeta\src\AdvancedFilter.php
C:\xampp\htdocs\MiTechoVBeta\src\AdvancedSearch.php
C:\xampp\htdocs\MiTechoVBeta\src\AdvancedSecurity.php
C:\xampp\htdocs\MiTechoVBeta\src\AdvancedUserInterface.php
C:\xampp\htdocs\MiTechoVBeta\src\Allow.php
C:\xampp\htdocs\MiTechoVBeta\src\ApiActionEvent.php
C:\xampp\htdocs\MiTechoVBeta\src\ApiPermissionMiddleware.php
C:\xampp\htdocs\MiTechoVBeta\src\AttributeRouteControllerLoader.php
C:\xampp\htdocs\MiTechoVBeta\src\Attributes.php
C:\xampp\htdocs\MiTechoVBeta\src\AuditTrailHandler.php
C:\xampp\htdocs\MiTechoVBeta\src\AuthenticationEntryPoint.php
C:\xampp\htdocs\MiTechoVBeta\src\AuthenticationEventSubscriber.php
C:\xampp\htdocs\MiTechoVBeta\src\AuthenticationFailureHandler.php
C:\xampp\htdocs\MiTechoVBeta\src\AuthenticationMiddleware.php
C:\xampp\htdocs\MiTechoVBeta\src\AuthenticationSuccessHandler.php
C:\xampp\htdocs\MiTechoVBeta\src\BasicSearch.php
C:\xampp\htdocs\MiTechoVBeta\src\Breadcrumb.php
C:\xampp\htdocs\MiTechoVBeta\src\BytesType.php
C:\xampp\htdocs\MiTechoVBeta\src\CaptchaBase.php
C:\xampp\htdocs\MiTechoVBeta\src\CaptchaInterface.php
C:\xampp\htdocs\MiTechoVBeta\src\ChartExporter.php
C:\xampp\htdocs\MiTechoVBeta\src\ChartJsRenderer.php
C:\xampp\htdocs\MiTechoVBeta\src\ChartRendererInterface.php
C:\xampp\htdocs\MiTechoVBeta\src\ChartTypes.php
C:\xampp\htdocs\MiTechoVBeta\src\Cognito.php
C:\xampp\htdocs\MiTechoVBeta\src\ConfigurationEvent.php
C:\xampp\htdocs\MiTechoVBeta\src\ConnectionFactory.php
C:\xampp\htdocs\MiTechoVBeta\src\ContainerBuildEvent.php
C:\xampp\htdocs\MiTechoVBeta\src\ContainerBuiltEvent.php
C:\xampp\htdocs\MiTechoVBeta\src\CrosstabColumn.php
C:\xampp\htdocs\MiTechoVBeta\src\CrosstabTable.php
C:\xampp\htdocs\MiTechoVBeta\src\CspMiddleware.php
C:\xampp\htdocs\MiTechoVBeta\src\CsrfMiddleware.php
C:\xampp\htdocs\MiTechoVBeta\src\CustomLdapUserProvider.php
C:\xampp\htdocs\MiTechoVBeta\src\CustomUploadHandler.php
C:\xampp\htdocs\MiTechoVBeta\src\DataType.php
C:\xampp\htdocs\MiTechoVBeta\src\DatabaseConnectedEvent.php
C:\xampp\htdocs\MiTechoVBeta\src\DatabaseConnectingEvent.php
C:\xampp\htdocs\MiTechoVBeta\src\DbChart.php
C:\xampp\htdocs\MiTechoVBeta\src\DbField.php
C:\xampp\htdocs\MiTechoVBeta\src\DbFields.php
C:\xampp\htdocs\MiTechoVBeta\src\DbTable.php
C:\xampp\htdocs\MiTechoVBeta\src\DbTableBase.php
C:\xampp\htdocs\MiTechoVBeta\src\DebugStack.php
C:\xampp\htdocs\MiTechoVBeta\src\DoctrineCollector.php
C:\xampp\htdocs\MiTechoVBeta\src\Email.php
C:\xampp\htdocs\MiTechoVBeta\src\EmailTwoFactorAuthentication.php
C:\xampp\htdocs\MiTechoVBeta\src\EntityDescriptor.php
C:\xampp\htdocs\MiTechoVBeta\src\EntityManagerFactory.php
C:\xampp\htdocs\MiTechoVBeta\src\EntityUserProvider.php
C:\xampp\htdocs\MiTechoVBeta\src\Entity\ActividadLog.php
C:\xampp\htdocs\MiTechoVBeta\src\Entity\AportesLegale.php
C:\xampp\htdocs\MiTechoVBeta\src\Entity\Compra.php
C:\xampp\htdocs\MiTechoVBeta\src\Entity\Cooperativa.php
C:\xampp\htdocs\MiTechoVBeta\src\Entity\HorasTrabajada.php
C:\xampp\htdocs\MiTechoVBeta\src\Entity\Ingreso.php
C:\xampp\htdocs\MiTechoVBeta\src\Entity\MovimientosStock.php
C:\xampp\htdocs\MiTechoVBeta\src\Entity\PagosSocio.php
C:\xampp\htdocs\MiTechoVBeta\src\Entity\Proveedore.php
C:\xampp\htdocs\MiTechoVBeta\src\Entity\Socio.php
C:\xampp\htdocs\MiTechoVBeta\src\Entity\Stock.php
C:\xampp\htdocs\MiTechoVBeta\src\Entity\Usuario.php
C:\xampp\htdocs\MiTechoVBeta\src\ExportCsv.php
C:\xampp\htdocs\MiTechoVBeta\src\ExportEmail.php
C:\xampp\htdocs\MiTechoVBeta\src\ExportExcel.php
C:\xampp\htdocs\MiTechoVBeta\src\ExportHandler.php
C:\xampp\htdocs\MiTechoVBeta\src\ExportHtml.php
C:\xampp\htdocs\MiTechoVBeta\src\ExportJson.php
C:\xampp\htdocs\MiTechoVBeta\src\ExportPdf.php
C:\xampp\htdocs\MiTechoVBeta\src\ExportWord.php
C:\xampp\htdocs\MiTechoVBeta\src\ExportXml.php
C:\xampp\htdocs\MiTechoVBeta\src\FileUploadHandler.php
C:\xampp\htdocs\MiTechoVBeta\src\FileViewer.php
C:\xampp\htdocs\MiTechoVBeta\src\FirewallRequestMatcher.php
C:\xampp\htdocs\MiTechoVBeta\src\ForceLogoutUserAction.php
C:\xampp\htdocs\MiTechoVBeta\src\FormLogin1faAuthenticator.php
C:\xampp\htdocs\MiTechoVBeta\src\FormLogin2faAuthenticator.php
C:\xampp\htdocs\MiTechoVBeta\src\FormTrait.php
C:\xampp\htdocs\MiTechoVBeta\src\GeographyType.php
C:\xampp\htdocs\MiTechoVBeta\src\GeometryType.php
C:\xampp\htdocs\MiTechoVBeta\src\HierarchyIdType.php
C:\xampp\htdocs\MiTechoVBeta\src\HttpErrorHandler.php
C:\xampp\htdocs\MiTechoVBeta\src\HttpFoundationFactory.php
C:\xampp\htdocs\MiTechoVBeta\src\HttpKernel.php
C:\xampp\htdocs\MiTechoVBeta\src\HttpServiceUnavailableException.php
C:\xampp\htdocs\MiTechoVBeta\src\HttpUpload.php
C:\xampp\htdocs\MiTechoVBeta\src\HybridauthSessionStorage.php
C:\xampp\htdocs\MiTechoVBeta\src\JavascriptRenderer.php
C:\xampp\htdocs\MiTechoVBeta\src\JwtMiddleware.php
C:\xampp\htdocs\MiTechoVBeta\src\Language.php
C:\xampp\htdocs\MiTechoVBeta\src\LanguageLoadEvent.php
C:\xampp\htdocs\MiTechoVBeta\src\LegacyPasswordHasher.php
C:\xampp\htdocs\MiTechoVBeta\src\ListAction.php
C:\xampp\htdocs\MiTechoVBeta\src\ListActions.php
C:\xampp\htdocs\MiTechoVBeta\src\ListOption.php
C:\xampp\htdocs\MiTechoVBeta\src\ListOptions.php
C:\xampp\htdocs\MiTechoVBeta\src\ListOptionsCollection.php
C:\xampp\htdocs\MiTechoVBeta\src\LoginRateLimiter.php
C:\xampp\htdocs\MiTechoVBeta\src\LoginStatusEvent.php
C:\xampp\htdocs\MiTechoVBeta\src\LogoutSubscriber.php
C:\xampp\htdocs\MiTechoVBeta\src\Lookup.php
C:\xampp\htdocs\MiTechoVBeta\src\LookupTableInterface.php
C:\xampp\htdocs\MiTechoVBeta\src\MaintenanceMiddleware.php
C:\xampp\htdocs\MiTechoVBeta\src\Menu.php
C:\xampp\htdocs\MiTechoVBeta\src\MenuItem.php
C:\xampp\htdocs\MiTechoVBeta\src\MenuItemAddingEvent.php
C:\xampp\htdocs\MiTechoVBeta\src\MenuRenderedEvent.php
C:\xampp\htdocs\MiTechoVBeta\src\MenuRenderingEvent.php
C:\xampp\htdocs\MiTechoVBeta\src\MessagesTrait.php
C:\xampp\htdocs\MiTechoVBeta\src\MicrosoftEntraID.php
C:\xampp\htdocs\MiTechoVBeta\src\NumericPager.php
C:\xampp\htdocs\MiTechoVBeta\src\OptionValues.php
C:\xampp\htdocs\MiTechoVBeta\src\PageLoadingEvent.php
C:\xampp\htdocs\MiTechoVBeta\src\PageRenderingEvent.php
C:\xampp\htdocs\MiTechoVBeta\src\PageUnloadedEvent.php
C:\xampp\htdocs\MiTechoVBeta\src\Pager.php
C:\xampp\htdocs\MiTechoVBeta\src\PagerItem.php
C:\xampp\htdocs\MiTechoVBeta\src\PasswordHash.php
C:\xampp\htdocs\MiTechoVBeta\src\PermissionMiddleware.php
C:\xampp\htdocs\MiTechoVBeta\src\PhpDebugBar.php
C:\xampp\htdocs\MiTechoVBeta\src\PhpDebugBarMiddleware.php
C:\xampp\htdocs\MiTechoVBeta\src\PhpEncryption.php
C:\xampp\htdocs\MiTechoVBeta\src\PhpHttpDriver.php
C:\xampp\htdocs\MiTechoVBeta\src\PhpMailerTransport.php
C:\xampp\htdocs\MiTechoVBeta\src\PhpMailerTransportFactory.php
C:\xampp\htdocs\MiTechoVBeta\src\PragmaRxTwoFactorAuthentication.php
C:\xampp\htdocs\MiTechoVBeta\src\PrevNextPager.php
C:\xampp\htdocs\MiTechoVBeta\src\ProfileStorage.php
C:\xampp\htdocs\MiTechoVBeta\src\PushNotification.php
C:\xampp\htdocs\MiTechoVBeta\src\RememberMeTokenProvider.php
C:\xampp\htdocs\MiTechoVBeta\src\ReportField.php
C:\xampp\htdocs\MiTechoVBeta\src\ReportTable.php
C:\xampp\htdocs\MiTechoVBeta\src\RequestDataCollector.php
C:\xampp\htdocs\MiTechoVBeta\src\RequestResponseStrategy.php
C:\xampp\htdocs\MiTechoVBeta\src\ResendRegisterEmailAction.php
C:\xampp\htdocs\MiTechoVBeta\src\ResetConcurrentUserAction.php
C:\xampp\htdocs\MiTechoVBeta\src\ResetLoginRetryAction.php
C:\xampp\htdocs\MiTechoVBeta\src\ResetUserSecretAction.php
C:\xampp\htdocs\MiTechoVBeta\src\RouteActionEvent.php
C:\xampp\htdocs\MiTechoVBeta\src\RouteAttributes.php
C:\xampp\htdocs\MiTechoVBeta\src\RowSummary.php
C:\xampp\htdocs\MiTechoVBeta\src\RowTotal.php
C:\xampp\htdocs\MiTechoVBeta\src\RowType.php
C:\xampp\htdocs\MiTechoVBeta\src\Saml2.php
C:\xampp\htdocs\MiTechoVBeta\src\SecurityContainerCompiledEvent.php
C:\xampp\htdocs\MiTechoVBeta\src\SecurityContainerCompilingEvent.php
C:\xampp\htdocs\MiTechoVBeta\src\SecurityContainerFactory.php
C:\xampp\htdocs\MiTechoVBeta\src\SecurityServiceLocator.php
C:\xampp\htdocs\MiTechoVBeta\src\SendLoginLinkAction.php
C:\xampp\htdocs\MiTechoVBeta\src\SendOneTimePasswordInterface.php
C:\xampp\htdocs\MiTechoVBeta\src\ServicesConfigurationEvent.php
C:\xampp\htdocs\MiTechoVBeta\src\SessionHandler.php
C:\xampp\htdocs\MiTechoVBeta\src\SessionMiddleware.php
C:\xampp\htdocs\MiTechoVBeta\src\SetPasswordExpiredAction.php
C:\xampp\htdocs\MiTechoVBeta\src\SmsTwoFactorAuthentication.php
C:\xampp\htdocs\MiTechoVBeta\src\SsoStateSessionStore.php
C:\xampp\htdocs\MiTechoVBeta\src\SubPage.php
C:\xampp\htdocs\MiTechoVBeta\src\SubPages.php
C:\xampp\htdocs\MiTechoVBeta\src\SummaryField.php
C:\xampp\htdocs\MiTechoVBeta\src\SwitchUserAction.php
C:\xampp\htdocs\MiTechoVBeta\src\SwitchUserVoter.php
C:\xampp\htdocs\MiTechoVBeta\src\SymfonyMailCollector.php
C:\xampp\htdocs\MiTechoVBeta\src\TwoFactorAuthenticatedToken.php
C:\xampp\htdocs\MiTechoVBeta\src\TwoFactorAuthenticatingToken.php
C:\xampp\htdocs\MiTechoVBeta\src\TwoFactorAuthenticationInterface.php
C:\xampp\htdocs\MiTechoVBeta\src\UploadHandler.php
C:\xampp\htdocs\MiTechoVBeta\src\UrlGenerator.php
C:\xampp\htdocs\MiTechoVBeta\src\UserActivatedException.php
C:\xampp\htdocs\MiTechoVBeta\src\UserChecker.php
C:\xampp\htdocs\MiTechoVBeta\src\UserProfile.php
C:\xampp\htdocs\MiTechoVBeta\src\UserRepository.php
C:\xampp\htdocs\MiTechoVBeta\src\WindowsUser.php
C:\xampp\htdocs\MiTechoVBeta\src\WindowsUserProvider.php
C:\xampp\htdocs\MiTechoVBeta\src\XmlDocument.php
C:\xampp\htdocs\MiTechoVBeta\src\apiroutes.php
C:\xampp\htdocs\MiTechoVBeta\src\config.development.php
C:\xampp\htdocs\MiTechoVBeta\src\config.php
C:\xampp\htdocs\MiTechoVBeta\src\config.production.php
C:\xampp\htdocs\MiTechoVBeta\src\config.security.php
C:\xampp\htdocs\MiTechoVBeta\src\constants.php
C:\xampp\htdocs\MiTechoVBeta\src\definitions.php
C:\xampp\htdocs\MiTechoVBeta\src\lock.php
C:\xampp\htdocs\MiTechoVBeta\src\phpfn.php
C:\xampp\htdocs\MiTechoVBeta\src\routes.php
C:\xampp\htdocs\MiTechoVBeta\src\security.php
C:\xampp\htdocs\MiTechoVBeta\src\services.php
C:\xampp\htdocs\MiTechoVBeta\src\userfn.php
C:\xampp\htdocs\MiTechoVBeta\src\userlevelsettings.php
C:\xampp\htdocs\MiTechoVBeta\views\ActividadLogAdd.php
C:\xampp\htdocs\MiTechoVBeta\views\ActividadLogDelete.php
C:\xampp\htdocs\MiTechoVBeta\views\ActividadLogEdit.php
C:\xampp\htdocs\MiTechoVBeta\views\ActividadLogList.php
C:\xampp\htdocs\MiTechoVBeta\views\ActividadLogView.php
C:\xampp\htdocs\MiTechoVBeta\views\AportesLegalesAdd.php
C:\xampp\htdocs\MiTechoVBeta\views\AportesLegalesDelete.php
C:\xampp\htdocs\MiTechoVBeta\views\AportesLegalesEdit.php
C:\xampp\htdocs\MiTechoVBeta\views\AportesLegalesList.php
C:\xampp\htdocs\MiTechoVBeta\views\AportesLegalesView.php
C:\xampp\htdocs\MiTechoVBeta\views\ChangePassword.php
C:\xampp\htdocs\MiTechoVBeta\views\ComprasAdd.php
C:\xampp\htdocs\MiTechoVBeta\views\ComprasDelete.php
C:\xampp\htdocs\MiTechoVBeta\views\ComprasEdit.php
C:\xampp\htdocs\MiTechoVBeta\views\ComprasList.php
C:\xampp\htdocs\MiTechoVBeta\views\ComprasView.php
C:\xampp\htdocs\MiTechoVBeta\views\CooperativasAdd.php
C:\xampp\htdocs\MiTechoVBeta\views\CooperativasDelete.php
C:\xampp\htdocs\MiTechoVBeta\views\CooperativasEdit.php
C:\xampp\htdocs\MiTechoVBeta\views\CooperativasList.php
C:\xampp\htdocs\MiTechoVBeta\views\CooperativasView.php
C:\xampp\htdocs\MiTechoVBeta\views\Error.php
C:\xampp\htdocs\MiTechoVBeta\views\HorasTrabajadasAdd.php
C:\xampp\htdocs\MiTechoVBeta\views\HorasTrabajadasDelete.php
C:\xampp\htdocs\MiTechoVBeta\views\HorasTrabajadasEdit.php
C:\xampp\htdocs\MiTechoVBeta\views\HorasTrabajadasList.php
C:\xampp\htdocs\MiTechoVBeta\views\HorasTrabajadasView.php
C:\xampp\htdocs\MiTechoVBeta\views\IngresosAdd.php
C:\xampp\htdocs\MiTechoVBeta\views\IngresosDelete.php
C:\xampp\htdocs\MiTechoVBeta\views\IngresosEdit.php
C:\xampp\htdocs\MiTechoVBeta\views\IngresosList.php
C:\xampp\htdocs\MiTechoVBeta\views\IngresosView.php
C:\xampp\htdocs\MiTechoVBeta\views\Login.php
C:\xampp\htdocs\MiTechoVBeta\views\MovimientosStockAdd.php
C:\xampp\htdocs\MiTechoVBeta\views\MovimientosStockDelete.php
C:\xampp\htdocs\MiTechoVBeta\views\MovimientosStockEdit.php
C:\xampp\htdocs\MiTechoVBeta\views\MovimientosStockList.php
C:\xampp\htdocs\MiTechoVBeta\views\MovimientosStockView.php
C:\xampp\htdocs\MiTechoVBeta\views\PagosSociosAdd.php
C:\xampp\htdocs\MiTechoVBeta\views\PagosSociosDelete.php
C:\xampp\htdocs\MiTechoVBeta\views\PagosSociosEdit.php
C:\xampp\htdocs\MiTechoVBeta\views\PagosSociosList.php
C:\xampp\htdocs\MiTechoVBeta\views\PagosSociosView.php
C:\xampp\htdocs\MiTechoVBeta\views\PersonalData.php
C:\xampp\htdocs\MiTechoVBeta\views\ProveedoresAdd.php
C:\xampp\htdocs\MiTechoVBeta\views\ProveedoresDelete.php
C:\xampp\htdocs\MiTechoVBeta\views\ProveedoresEdit.php
C:\xampp\htdocs\MiTechoVBeta\views\ProveedoresList.php
C:\xampp\htdocs\MiTechoVBeta\views\ProveedoresView.php
C:\xampp\htdocs\MiTechoVBeta\views\Register.php
C:\xampp\htdocs\MiTechoVBeta\views\ResetPassword.php
C:\xampp\htdocs\MiTechoVBeta\views\SociosAdd.php
C:\xampp\htdocs\MiTechoVBeta\views\SociosDelete.php
C:\xampp\htdocs\MiTechoVBeta\views\SociosEdit.php
C:\xampp\htdocs\MiTechoVBeta\views\SociosList.php
C:\xampp\htdocs\MiTechoVBeta\views\SociosView.php
C:\xampp\htdocs\MiTechoVBeta\views\StockAdd.php
C:\xampp\htdocs\MiTechoVBeta\views\StockDelete.php
C:\xampp\htdocs\MiTechoVBeta\views\StockEdit.php
C:\xampp\htdocs\MiTechoVBeta\views\StockList.php
C:\xampp\htdocs\MiTechoVBeta\views\StockView.php
C:\xampp\htdocs\MiTechoVBeta\views\UsuariosAdd.php
C:\xampp\htdocs\MiTechoVBeta\views\UsuariosDelete.php
C:\xampp\htdocs\MiTechoVBeta\views\UsuariosEdit.php
C:\xampp\htdocs\MiTechoVBeta\views\UsuariosList.php
C:\xampp\htdocs\MiTechoVBeta\views\UsuariosView.php
C:\xampp\htdocs\MiTechoVBeta\views\email.php
C:\xampp\htdocs\MiTechoVBeta\views\layout.php
C:\xampp\htdocs\MiTechoVBeta\views\menu.php
C:\xampp\htdocs\MiTechoVBeta\views\swagger.php
C:\xampp\htdocs\MiTechoVBeta\web.config